<?xml version="1.0" encoding="UTF-8"?>
<coverage generated="1564572184">
  <project timestamp="1564572184">
    <package name="App\Controller">
      <file name="/home/jean/Projet-wari/src/Controller/EntrepriseController.php">
        <class name="App\Controller\EntrepriseController" namespace="App\Controller">
          <metrics complexity="14" methods="6" coveredmethods="1" conditionals="0" coveredconditionals="0" statements="59" coveredstatements="20" elements="65" coveredelements="21"/>
        </class>
        <line num="27" type="method" name="show" visibility="public" complexity="1" crap="1" count="1"/>
        <line num="29" type="stmt" count="1"/>
        <line num="30" type="stmt" count="1"/>
        <line num="31" type="stmt" count="1"/>
        <line num="33" type="stmt" count="1"/>
        <line num="34" type="stmt" count="1"/>
        <line num="43" type="method" name="liste" visibility="public" complexity="1" crap="2" count="0"/>
        <line num="45" type="stmt" count="0"/>
        <line num="46" type="stmt" count="0"/>
        <line num="47" type="stmt" count="0"/>
        <line num="50" type="stmt" count="0"/>
        <line num="51" type="stmt" count="0"/>
        <line num="59" type="method" name="new" visibility="public" complexity="1" crap="2" count="0"/>
        <line num="62" type="stmt" count="0"/>
        <line num="63" type="stmt" count="0"/>
        <line num="64" type="stmt" count="0"/>
        <line num="66" type="stmt" count="0"/>
        <line num="69" type="stmt" count="0"/>
        <line num="75" type="method" name="update" visibility="public" complexity="5" crap="30" count="0"/>
        <line num="77" type="stmt" count="0"/>
        <line num="78" type="stmt" count="0"/>
        <line num="79" type="stmt" count="0"/>
        <line num="80" type="stmt" count="0"/>
        <line num="81" type="stmt" count="0"/>
        <line num="82" type="stmt" count="0"/>
        <line num="83" type="stmt" count="0"/>
        <line num="86" type="stmt" count="0"/>
        <line num="87" type="stmt" count="0"/>
        <line num="88" type="stmt" count="0"/>
        <line num="89" type="stmt" count="0"/>
        <line num="90" type="stmt" count="0"/>
        <line num="93" type="stmt" count="0"/>
        <line num="95" type="stmt" count="0"/>
        <line num="98" type="stmt" count="0"/>
        <line num="104" type="method" name="bloque" visibility="public" complexity="3" crap="12" count="0"/>
        <line num="106" type="stmt" count="0"/>
        <line num="107" type="stmt" count="0"/>
        <line num="108" type="stmt" count="0"/>
        <line num="111" type="stmt" count="0"/>
        <line num="112" type="stmt" count="0"/>
        <line num="113" type="stmt" count="0"/>
        <line num="114" type="stmt" count="0"/>
        <line num="119" type="stmt" count="0"/>
        <line num="120" type="stmt" count="0"/>
        <line num="121" type="stmt" count="0"/>
        <line num="124" type="stmt" count="0"/>
        <line num="125" type="stmt" count="0"/>
        <line num="126" type="stmt" count="0"/>
        <line num="134" type="method" name="depot" visibility="public" complexity="3" crap="3.00" count="1"/>
        <line num="136" type="stmt" count="1"/>
        <line num="137" type="stmt" count="1"/>
        <line num="138" type="stmt" count="1"/>
        <line num="139" type="stmt" count="1"/>
        <line num="141" type="stmt" count="1"/>
        <line num="143" type="stmt" count="1"/>
        <line num="144" type="stmt" count="1"/>
        <line num="145" type="stmt" count="1"/>
        <line num="146" type="stmt" count="1"/>
        <line num="147" type="stmt" count="1"/>
        <line num="148" type="stmt" count="1"/>
        <line num="149" type="stmt" count="1"/>
        <line num="150" type="stmt" count="1"/>
        <line num="152" type="stmt" count="1"/>
        <line num="155" type="stmt" count="1"/>
        <line num="158" type="stmt" count="0"/>
        <metrics loc="160" ncloc="138" classes="1" methods="6" coveredmethods="1" conditionals="0" coveredconditionals="0" statements="59" coveredstatements="20" elements="65" coveredelements="21"/>
      </file>
      <file name="/home/jean/Projet-wari/src/Controller/SecurityController.php">
        <class name="App\Controller\SecurityController" namespace="App\Controller">
          <metrics complexity="15" methods="1" coveredmethods="1" conditionals="0" coveredconditionals="0" statements="28" coveredstatements="28" elements="29" coveredelements="29"/>
        </class>
        <line num="26" type="method" name="inscriptionUtilisateur" visibility="public" complexity="14" crap="14" count="11"/>
        <line num="30" type="stmt" count="11"/>
        <line num="31" type="stmt" count="11"/>
        <line num="32" type="stmt" count="11"/>
        <line num="33" type="stmt" count="11"/>
        <line num="34" type="stmt" count="11"/>
        <line num="39" type="stmt" count="11"/>
        <line num="40" type="stmt" count="11"/>
        <line num="42" type="stmt" count="11"/>
        <line num="43" type="stmt" count="11"/>
        <line num="45" type="stmt" count="11"/>
        <line num="46" type="stmt" count="10"/>
        <line num="47" type="stmt" count="10"/>
        <line num="48" type="stmt" count="10"/>
        <line num="50" type="stmt" count="10"/>
        <line num="52" type="stmt" count="10"/>
        <line num="53" type="stmt" count="9"/>
        <line num="54" type="stmt" count="8"/>
        <line num="55" type="stmt" count="7"/>
        <line num="56" type="stmt" count="10"/>
        <line num="58" type="stmt" count="5"/>
        <line num="61" type="stmt" count="5"/>
        <line num="62" type="stmt" count="5"/>
        <line num="63" type="stmt" count="4"/>
        <line num="66" type="stmt" count="5"/>
        <line num="67" type="stmt" count="5"/>
        <line num="68" type="stmt" count="5"/>
        <line num="69" type="stmt" count="5"/>
        <line num="71" type="stmt" count="1"/>
        <metrics loc="91" ncloc="53" classes="1" methods="1" coveredmethods="1" conditionals="0" coveredconditionals="0" statements="28" coveredstatements="28" elements="29" coveredelements="29"/>
      </file>
      <file name="/home/jean/Projet-wari/src/Controller/TransactionController.php">
        <class name="App\Controller\TransactionController" namespace="App\Controller">
          <metrics complexity="3" methods="2" coveredmethods="0" conditionals="0" coveredconditionals="0" statements="12" coveredstatements="0" elements="14" coveredelements="0"/>
        </class>
        <line num="17" type="method" name="index" visibility="public" complexity="1" crap="2" count="0"/>
        <line num="19" type="stmt" count="0"/>
        <line num="20" type="stmt" count="0"/>
        <line num="24" type="method" name="depot" visibility="public" complexity="2" crap="6" count="0"/>
        <line num="26" type="stmt" count="0"/>
        <line num="28" type="stmt" count="0"/>
        <line num="29" type="stmt" count="0"/>
        <line num="30" type="stmt" count="0"/>
        <line num="32" type="stmt" count="0"/>
        <line num="34" type="stmt" count="0"/>
        <line num="35" type="stmt" count="0"/>
        <line num="36" type="stmt" count="0"/>
        <line num="37" type="stmt" count="0"/>
        <line num="41" type="stmt" count="0"/>
        <metrics loc="47" ncloc="44" classes="1" methods="2" coveredmethods="0" conditionals="0" coveredconditionals="0" statements="12" coveredstatements="0" elements="14" coveredelements="0"/>
      </file>
    </package>
    <package name="App\DataFixtures">
      <file name="/home/jean/Projet-wari/src/DataFixtures/AppFixtures.php">
        <class name="App\DataFixtures\AppFixtures" namespace="App\DataFixtures">
          <metrics complexity="6" methods="1" coveredmethods="0" conditionals="0" coveredconditionals="0" statements="110" coveredstatements="0" elements="111" coveredelements="0"/>
        </class>
        <line num="13" type="method" name="load" visibility="public" complexity="6" crap="42" count="0"/>
        <line num="15" type="stmt" count="0"/>
        <line num="16" type="stmt" count="0"/>
        <line num="17" type="stmt" count="0"/>
        <line num="18" type="stmt" count="0"/>
        <line num="19" type="stmt" count="0"/>
        <line num="21" type="stmt" count="0"/>
        <line num="22" type="stmt" count="0"/>
        <line num="23" type="stmt" count="0"/>
        <line num="25" type="stmt" count="0"/>
        <line num="26" type="stmt" count="0"/>
        <line num="27" type="stmt" count="0"/>
        <line num="29" type="stmt" count="0"/>
        <line num="30" type="stmt" count="0"/>
        <line num="31" type="stmt" count="0"/>
        <line num="33" type="stmt" count="0"/>
        <line num="34" type="stmt" count="0"/>
        <line num="35" type="stmt" count="0"/>
        <line num="38" type="stmt" count="0"/>
        <line num="39" type="stmt" count="0"/>
        <line num="40" type="stmt" count="0"/>
        <line num="41" type="stmt" count="0"/>
        <line num="42" type="stmt" count="0"/>
        <line num="43" type="stmt" count="0"/>
        <line num="44" type="stmt" count="0"/>
        <line num="45" type="stmt" count="0"/>
        <line num="46" type="stmt" count="0"/>
        <line num="47" type="stmt" count="0"/>
        <line num="48" type="stmt" count="0"/>
        <line num="49" type="stmt" count="0"/>
        <line num="50" type="stmt" count="0"/>
        <line num="51" type="stmt" count="0"/>
        <line num="52" type="stmt" count="0"/>
        <line num="53" type="stmt" count="0"/>
        <line num="54" type="stmt" count="0"/>
        <line num="55" type="stmt" count="0"/>
        <line num="56" type="stmt" count="0"/>
        <line num="57" type="stmt" count="0"/>
        <line num="58" type="stmt" count="0"/>
        <line num="60" type="stmt" count="0"/>
        <line num="61" type="stmt" count="0"/>
        <line num="62" type="stmt" count="0"/>
        <line num="63" type="stmt" count="0"/>
        <line num="64" type="stmt" count="0"/>
        <line num="65" type="stmt" count="0"/>
        <line num="66" type="stmt" count="0"/>
        <line num="67" type="stmt" count="0"/>
        <line num="68" type="stmt" count="0"/>
        <line num="69" type="stmt" count="0"/>
        <line num="73" type="stmt" count="0"/>
        <line num="74" type="stmt" count="0"/>
        <line num="75" type="stmt" count="0"/>
        <line num="76" type="stmt" count="0"/>
        <line num="77" type="stmt" count="0"/>
        <line num="78" type="stmt" count="0"/>
        <line num="79" type="stmt" count="0"/>
        <line num="80" type="stmt" count="0"/>
        <line num="81" type="stmt" count="0"/>
        <line num="82" type="stmt" count="0"/>
        <line num="83" type="stmt" count="0"/>
        <line num="85" type="stmt" count="0"/>
        <line num="87" type="stmt" count="0"/>
        <line num="88" type="stmt" count="0"/>
        <line num="90" type="stmt" count="0"/>
        <line num="91" type="stmt" count="0"/>
        <line num="92" type="stmt" count="0"/>
        <line num="95" type="stmt" count="0"/>
        <line num="96" type="stmt" count="0"/>
        <line num="99" type="stmt" count="0"/>
        <line num="101" type="stmt" count="0"/>
        <line num="104" type="stmt" count="0"/>
        <line num="105" type="stmt" count="0"/>
        <line num="106" type="stmt" count="0"/>
        <line num="107" type="stmt" count="0"/>
        <line num="108" type="stmt" count="0"/>
        <line num="109" type="stmt" count="0"/>
        <line num="110" type="stmt" count="0"/>
        <line num="111" type="stmt" count="0"/>
        <line num="112" type="stmt" count="0"/>
        <line num="113" type="stmt" count="0"/>
        <line num="114" type="stmt" count="0"/>
        <line num="115" type="stmt" count="0"/>
        <line num="116" type="stmt" count="0"/>
        <line num="118" type="stmt" count="0"/>
        <line num="119" type="stmt" count="0"/>
        <line num="120" type="stmt" count="0"/>
        <line num="121" type="stmt" count="0"/>
        <line num="122" type="stmt" count="0"/>
        <line num="123" type="stmt" count="0"/>
        <line num="124" type="stmt" count="0"/>
        <line num="125" type="stmt" count="0"/>
        <line num="126" type="stmt" count="0"/>
        <line num="127" type="stmt" count="0"/>
        <line num="128" type="stmt" count="0"/>
        <line num="129" type="stmt" count="0"/>
        <line num="130" type="stmt" count="0"/>
        <line num="132" type="stmt" count="0"/>
        <line num="133" type="stmt" count="0"/>
        <line num="134" type="stmt" count="0"/>
        <line num="135" type="stmt" count="0"/>
        <line num="136" type="stmt" count="0"/>
        <line num="137" type="stmt" count="0"/>
        <line num="138" type="stmt" count="0"/>
        <line num="139" type="stmt" count="0"/>
        <line num="140" type="stmt" count="0"/>
        <line num="141" type="stmt" count="0"/>
        <line num="142" type="stmt" count="0"/>
        <line num="143" type="stmt" count="0"/>
        <line num="144" type="stmt" count="0"/>
        <line num="145" type="stmt" count="0"/>
        <line num="146" type="stmt" count="0"/>
        <metrics loc="147" ncloc="145" classes="1" methods="1" coveredmethods="0" conditionals="0" coveredconditionals="0" statements="110" coveredstatements="0" elements="111" coveredelements="0"/>
      </file>
    </package>
    <package name="App\Entity">
      <file name="/home/jean/Projet-wari/src/Entity/Depot.php">
        <class name="App\Entity\Depot" namespace="App\Entity">
          <metrics complexity="16" methods="9" coveredmethods="6" conditionals="0" coveredconditionals="0" statements="13" coveredstatements="10" elements="22" coveredelements="16"/>
        </class>
        <line num="43" type="method" name="getId" visibility="public" complexity="2" crap="6" count="0"/>
        <line num="45" type="stmt" count="0"/>
        <line num="48" type="method" name="getEntreprise" visibility="public" complexity="2" crap="2" count="1"/>
        <line num="50" type="stmt" count="1"/>
        <line num="53" type="method" name="setEntreprise" visibility="public" complexity="2" crap="2" count="1"/>
        <line num="55" type="stmt" count="1"/>
        <line num="57" type="stmt" count="1"/>
        <line num="60" type="method" name="getDate" visibility="public" complexity="2" crap="6" count="0"/>
        <line num="62" type="stmt" count="0"/>
        <line num="65" type="method" name="setDate" visibility="public" complexity="1" crap="1" count="1"/>
        <line num="67" type="stmt" count="1"/>
        <line num="69" type="stmt" count="1"/>
        <line num="72" type="method" name="getMontant" visibility="public" complexity="2" crap="2" count="1"/>
        <line num="74" type="stmt" count="1"/>
        <line num="77" type="method" name="setMontant" visibility="public" complexity="1" crap="1" count="1"/>
        <line num="79" type="stmt" count="1"/>
        <line num="81" type="stmt" count="1"/>
        <line num="84" type="method" name="getCaissier" visibility="public" complexity="2" crap="6" count="0"/>
        <line num="86" type="stmt" count="0"/>
        <line num="89" type="method" name="setCaissier" visibility="public" complexity="2" crap="2" count="1"/>
        <line num="91" type="stmt" count="1"/>
        <line num="93" type="stmt" count="1"/>
        <metrics loc="95" ncloc="72" classes="1" methods="9" coveredmethods="6" conditionals="0" coveredconditionals="0" statements="13" coveredstatements="10" elements="22" coveredelements="16"/>
      </file>
      <file name="/home/jean/Projet-wari/src/Entity/Entreprise.php">
        <class name="App\Entity\Entreprise" namespace="App\Entity">
          <metrics complexity="33" methods="20" coveredmethods="7" conditionals="0" coveredconditionals="0" statements="42" coveredstatements="8" elements="62" coveredelements="15"/>
        </class>
        <line num="69" type="method" name="__construct" visibility="public" complexity="1" crap="2" count="0"/>
        <line num="71" type="stmt" count="0"/>
        <line num="72" type="stmt" count="0"/>
        <line num="73" type="stmt" count="0"/>
        <line num="75" type="method" name="getId" visibility="public" complexity="2" crap="2" count="1"/>
        <line num="77" type="stmt" count="1"/>
        <line num="80" type="method" name="getNumeroCompte" visibility="public" complexity="2" crap="2" count="1"/>
        <line num="82" type="stmt" count="1"/>
        <line num="85" type="method" name="setNumeroCompte" visibility="public" complexity="1" crap="2" count="0"/>
        <line num="87" type="stmt" count="0"/>
        <line num="89" type="stmt" count="0"/>
        <line num="92" type="method" name="getRaisonSociale" visibility="public" complexity="2" crap="2" count="1"/>
        <line num="94" type="stmt" count="1"/>
        <line num="97" type="method" name="setRaisonSociale" visibility="public" complexity="1" crap="2" count="0"/>
        <line num="99" type="stmt" count="0"/>
        <line num="101" type="stmt" count="0"/>
        <line num="104" type="method" name="getNinea" visibility="public" complexity="2" crap="2" count="1"/>
        <line num="106" type="stmt" count="1"/>
        <line num="109" type="method" name="setNinea" visibility="public" complexity="1" crap="2" count="0"/>
        <line num="111" type="stmt" count="0"/>
        <line num="113" type="stmt" count="0"/>
        <line num="116" type="method" name="getAdresse" visibility="public" complexity="2" crap="2" count="1"/>
        <line num="118" type="stmt" count="1"/>
        <line num="121" type="method" name="setAdresse" visibility="public" complexity="1" crap="2" count="0"/>
        <line num="123" type="stmt" count="0"/>
        <line num="125" type="stmt" count="0"/>
        <line num="128" type="method" name="getSolde" visibility="public" complexity="2" crap="2" count="2"/>
        <line num="130" type="stmt" count="2"/>
        <line num="133" type="method" name="setSolde" visibility="public" complexity="1" crap="1" count="1"/>
        <line num="135" type="stmt" count="1"/>
        <line num="137" type="stmt" count="1"/>
        <line num="143" type="method" name="getUtilisateurs" visibility="public" complexity="1" crap="2" count="0"/>
        <line num="145" type="stmt" count="0"/>
        <line num="148" type="method" name="addUtilisateur" visibility="public" complexity="2" crap="6" count="0"/>
        <line num="150" type="stmt" count="0"/>
        <line num="151" type="stmt" count="0"/>
        <line num="152" type="stmt" count="0"/>
        <line num="155" type="stmt" count="0"/>
        <line num="158" type="method" name="removeUtilisateur" visibility="public" complexity="3" crap="12" count="0"/>
        <line num="160" type="stmt" count="0"/>
        <line num="161" type="stmt" count="0"/>
        <line num="163" type="stmt" count="0"/>
        <line num="164" type="stmt" count="0"/>
        <line num="168" type="stmt" count="0"/>
        <line num="174" type="method" name="getDepots" visibility="public" complexity="1" crap="2" count="0"/>
        <line num="176" type="stmt" count="0"/>
        <line num="179" type="method" name="addDepot" visibility="public" complexity="2" crap="6" count="0"/>
        <line num="181" type="stmt" count="0"/>
        <line num="182" type="stmt" count="0"/>
        <line num="183" type="stmt" count="0"/>
        <line num="186" type="stmt" count="0"/>
        <line num="189" type="method" name="removeDepot" visibility="public" complexity="3" crap="12" count="0"/>
        <line num="191" type="stmt" count="0"/>
        <line num="192" type="stmt" count="0"/>
        <line num="194" type="stmt" count="0"/>
        <line num="195" type="stmt" count="0"/>
        <line num="199" type="stmt" count="0"/>
        <line num="202" type="method" name="getStatus" visibility="public" complexity="2" crap="6" count="0"/>
        <line num="204" type="stmt" count="0"/>
        <line num="207" type="method" name="setStatus" visibility="public" complexity="1" crap="2" count="0"/>
        <line num="209" type="stmt" count="0"/>
        <line num="211" type="stmt" count="0"/>
        <metrics loc="213" ncloc="165" classes="1" methods="20" coveredmethods="7" conditionals="0" coveredconditionals="0" statements="42" coveredstatements="8" elements="62" coveredelements="15"/>
      </file>
      <file name="/home/jean/Projet-wari/src/Entity/Profil.php">
        <class name="App\Entity\Profil" namespace="App\Entity">
          <metrics complexity="12" methods="7" coveredmethods="1" conditionals="0" coveredconditionals="0" statements="16" coveredstatements="1" elements="23" coveredelements="2"/>
        </class>
        <line num="33" type="method" name="__construct" visibility="public" complexity="1" crap="2" count="0"/>
        <line num="35" type="stmt" count="0"/>
        <line num="36" type="stmt" count="0"/>
        <line num="38" type="method" name="getId" visibility="public" complexity="2" crap="6" count="0"/>
        <line num="40" type="stmt" count="0"/>
        <line num="43" type="method" name="getLibelle" visibility="public" complexity="2" crap="2" count="10"/>
        <line num="45" type="stmt" count="10"/>
        <line num="48" type="method" name="setLibelle" visibility="public" complexity="1" crap="2" count="0"/>
        <line num="50" type="stmt" count="0"/>
        <line num="52" type="stmt" count="0"/>
        <line num="58" type="method" name="getUtilisateurs" visibility="public" complexity="1" crap="2" count="0"/>
        <line num="60" type="stmt" count="0"/>
        <line num="63" type="method" name="addUtilisateur" visibility="public" complexity="2" crap="6" count="0"/>
        <line num="65" type="stmt" count="0"/>
        <line num="66" type="stmt" count="0"/>
        <line num="67" type="stmt" count="0"/>
        <line num="70" type="stmt" count="0"/>
        <line num="73" type="method" name="removeUtilisateur" visibility="public" complexity="3" crap="12" count="0"/>
        <line num="75" type="stmt" count="0"/>
        <line num="76" type="stmt" count="0"/>
        <line num="78" type="stmt" count="0"/>
        <line num="79" type="stmt" count="0"/>
        <line num="83" type="stmt" count="0"/>
        <metrics loc="85" ncloc="65" classes="1" methods="7" coveredmethods="1" conditionals="0" coveredconditionals="0" statements="16" coveredstatements="1" elements="23" coveredelements="2"/>
      </file>
      <file name="/home/jean/Projet-wari/src/Entity/Transaction.php">
        <class name="App\Entity\Transaction" namespace="App\Entity">
          <metrics complexity="61" methods="35" coveredmethods="0" conditionals="0" coveredconditionals="0" statements="52" coveredstatements="0" elements="87" coveredelements="0"/>
        </class>
        <line num="107" type="method" name="getId" visibility="public" complexity="2" crap="6" count="0"/>
        <line num="109" type="stmt" count="0"/>
        <line num="112" type="method" name="getClientEmetteur" visibility="public" complexity="2" crap="6" count="0"/>
        <line num="114" type="stmt" count="0"/>
        <line num="117" type="method" name="setClientEmetteur" visibility="public" complexity="1" crap="2" count="0"/>
        <line num="119" type="stmt" count="0"/>
        <line num="121" type="stmt" count="0"/>
        <line num="124" type="method" name="getTelephoneEmetteur" visibility="public" complexity="2" crap="6" count="0"/>
        <line num="126" type="stmt" count="0"/>
        <line num="129" type="method" name="setTelephoneEmetteur" visibility="public" complexity="1" crap="2" count="0"/>
        <line num="131" type="stmt" count="0"/>
        <line num="133" type="stmt" count="0"/>
        <line num="136" type="method" name="getNciEmetteur" visibility="public" complexity="2" crap="6" count="0"/>
        <line num="138" type="stmt" count="0"/>
        <line num="141" type="method" name="setNciEmetteur" visibility="public" complexity="1" crap="2" count="0"/>
        <line num="143" type="stmt" count="0"/>
        <line num="145" type="stmt" count="0"/>
        <line num="148" type="method" name="getDateEnvoi" visibility="public" complexity="2" crap="6" count="0"/>
        <line num="150" type="stmt" count="0"/>
        <line num="153" type="method" name="setDateEnvoi" visibility="public" complexity="1" crap="2" count="0"/>
        <line num="155" type="stmt" count="0"/>
        <line num="157" type="stmt" count="0"/>
        <line num="160" type="method" name="getCode" visibility="public" complexity="2" crap="6" count="0"/>
        <line num="162" type="stmt" count="0"/>
        <line num="165" type="method" name="setCode" visibility="public" complexity="1" crap="2" count="0"/>
        <line num="167" type="stmt" count="0"/>
        <line num="169" type="stmt" count="0"/>
        <line num="172" type="method" name="getUserEmetteur" visibility="public" complexity="2" crap="6" count="0"/>
        <line num="174" type="stmt" count="0"/>
        <line num="177" type="method" name="setUserEmetteur" visibility="public" complexity="2" crap="6" count="0"/>
        <line num="179" type="stmt" count="0"/>
        <line num="181" type="stmt" count="0"/>
        <line num="184" type="method" name="getMontant" visibility="public" complexity="2" crap="6" count="0"/>
        <line num="186" type="stmt" count="0"/>
        <line num="189" type="method" name="setMontant" visibility="public" complexity="1" crap="2" count="0"/>
        <line num="191" type="stmt" count="0"/>
        <line num="193" type="stmt" count="0"/>
        <line num="196" type="method" name="getFrais" visibility="public" complexity="2" crap="6" count="0"/>
        <line num="198" type="stmt" count="0"/>
        <line num="201" type="method" name="setFrais" visibility="public" complexity="1" crap="2" count="0"/>
        <line num="203" type="stmt" count="0"/>
        <line num="205" type="stmt" count="0"/>
        <line num="208" type="method" name="getClientRecepteur" visibility="public" complexity="2" crap="6" count="0"/>
        <line num="210" type="stmt" count="0"/>
        <line num="213" type="method" name="setClientRecepteur" visibility="public" complexity="1" crap="2" count="0"/>
        <line num="215" type="stmt" count="0"/>
        <line num="217" type="stmt" count="0"/>
        <line num="220" type="method" name="getTelephoneRecepteur" visibility="public" complexity="2" crap="6" count="0"/>
        <line num="222" type="stmt" count="0"/>
        <line num="225" type="method" name="setTelephoneRecepteur" visibility="public" complexity="1" crap="2" count="0"/>
        <line num="227" type="stmt" count="0"/>
        <line num="229" type="stmt" count="0"/>
        <line num="232" type="method" name="getNciRecepteur" visibility="public" complexity="2" crap="6" count="0"/>
        <line num="234" type="stmt" count="0"/>
        <line num="237" type="method" name="setNciRecepteur" visibility="public" complexity="2" crap="6" count="0"/>
        <line num="239" type="stmt" count="0"/>
        <line num="241" type="stmt" count="0"/>
        <line num="244" type="method" name="getDateReception" visibility="public" complexity="2" crap="6" count="0"/>
        <line num="246" type="stmt" count="0"/>
        <line num="249" type="method" name="setDateReception" visibility="public" complexity="2" crap="6" count="0"/>
        <line num="251" type="stmt" count="0"/>
        <line num="253" type="stmt" count="0"/>
        <line num="256" type="method" name="getUserRecepteur" visibility="public" complexity="2" crap="6" count="0"/>
        <line num="258" type="stmt" count="0"/>
        <line num="261" type="method" name="setUserRecepteur" visibility="public" complexity="2" crap="6" count="0"/>
        <line num="263" type="stmt" count="0"/>
        <line num="265" type="stmt" count="0"/>
        <line num="268" type="method" name="getCommissionEmetteur" visibility="public" complexity="2" crap="6" count="0"/>
        <line num="270" type="stmt" count="0"/>
        <line num="273" type="method" name="setCommissionEmetteur" visibility="public" complexity="2" crap="6" count="0"/>
        <line num="275" type="stmt" count="0"/>
        <line num="277" type="stmt" count="0"/>
        <line num="280" type="method" name="getCommissionRecepteur" visibility="public" complexity="2" crap="6" count="0"/>
        <line num="282" type="stmt" count="0"/>
        <line num="285" type="method" name="setCommissionRecepteur" visibility="public" complexity="2" crap="6" count="0"/>
        <line num="287" type="stmt" count="0"/>
        <line num="289" type="stmt" count="0"/>
        <line num="292" type="method" name="getCommissionWari" visibility="public" complexity="2" crap="6" count="0"/>
        <line num="294" type="stmt" count="0"/>
        <line num="297" type="method" name="setCommissionWari" visibility="public" complexity="2" crap="6" count="0"/>
        <line num="299" type="stmt" count="0"/>
        <line num="301" type="stmt" count="0"/>
        <line num="304" type="method" name="getTaxesEtat" visibility="public" complexity="2" crap="6" count="0"/>
        <line num="306" type="stmt" count="0"/>
        <line num="309" type="method" name="setTaxesEtat" visibility="public" complexity="2" crap="6" count="0"/>
        <line num="311" type="stmt" count="0"/>
        <line num="313" type="stmt" count="0"/>
        <metrics loc="315" ncloc="254" classes="1" methods="35" coveredmethods="0" conditionals="0" coveredconditionals="0" statements="52" coveredstatements="0" elements="87" coveredelements="0"/>
      </file>
      <file name="/home/jean/Projet-wari/src/Entity/UserChecker.php">
        <class name="App\Entity\UserChecker" namespace="App\Entity">
          <metrics complexity="6" methods="2" coveredmethods="0" conditionals="0" coveredconditionals="0" statements="10" coveredstatements="0" elements="12" coveredelements="0"/>
        </class>
        <line num="12" type="method" name="checkPreAuth" visibility="public" complexity="4" crap="20" count="0"/>
        <line num="14" type="stmt" count="0"/>
        <line num="15" type="stmt" count="0"/>
        <line num="18" type="stmt" count="0"/>
        <line num="19" type="stmt" count="0"/>
        <line num="22" type="stmt" count="0"/>
        <line num="23" type="stmt" count="0"/>
        <line num="25" type="stmt" count="0"/>
        <line num="27" type="method" name="checkPostAuth" visibility="public" complexity="2" crap="6" count="0"/>
        <line num="29" type="stmt" count="0"/>
        <line num="30" type="stmt" count="0"/>
        <line num="33" type="stmt" count="0"/>
        <metrics loc="34" ncloc="24" classes="1" methods="2" coveredmethods="0" conditionals="0" coveredconditionals="0" statements="10" coveredstatements="0" elements="12" coveredelements="0"/>
      </file>
      <file name="/home/jean/Projet-wari/src/Entity/Utilisateur.php">
        <class name="App\Entity\Utilisateur" namespace="App\Entity">
          <metrics complexity="54" methods="35" coveredmethods="24" conditionals="0" coveredconditionals="0" statements="72" coveredstatements="40" elements="107" coveredelements="64"/>
        </class>
        <line num="95" type="method" name="__construct" visibility="public" complexity="1" crap="1" count="11"/>
        <line num="97" type="stmt" count="11"/>
        <line num="98" type="stmt" count="11"/>
        <line num="99" type="stmt" count="11"/>
        <line num="100" type="stmt" count="11"/>
        <line num="102" type="method" name="getId" visibility="public" complexity="2" crap="6" count="0"/>
        <line num="104" type="stmt" count="0"/>
        <line num="112" type="method" name="getUsername" visibility="public" complexity="1" crap="1" count="11"/>
        <line num="114" type="stmt" count="11"/>
        <line num="117" type="method" name="setUsername" visibility="public" complexity="1" crap="1" count="11"/>
        <line num="119" type="stmt" count="11"/>
        <line num="121" type="stmt" count="11"/>
        <line num="127" type="method" name="getRoles" visibility="public" complexity="1" crap="1" count="13"/>
        <line num="129" type="stmt" count="13"/>
        <line num="131" type="stmt" count="13"/>
        <line num="133" type="stmt" count="13"/>
        <line num="136" type="method" name="setRoles" visibility="public" complexity="1" crap="1" count="5"/>
        <line num="138" type="stmt" count="5"/>
        <line num="140" type="stmt" count="5"/>
        <line num="146" type="method" name="getPassword" visibility="public" complexity="1" crap="1" count="13"/>
        <line num="148" type="stmt" count="13"/>
        <line num="151" type="method" name="setPassword" visibility="public" complexity="1" crap="1" count="11"/>
        <line num="153" type="stmt" count="11"/>
        <line num="155" type="stmt" count="11"/>
        <line num="158" type="method" name="getConfirmPassword" visibility="public" complexity="1" crap="1" count="11"/>
        <line num="160" type="stmt" count="11"/>
        <line num="163" type="method" name="setConfirmPassword" visibility="public" complexity="1" crap="1" count="11"/>
        <line num="165" type="stmt" count="11"/>
        <line num="167" type="stmt" count="11"/>
        <line num="173" type="method" name="getSalt" visibility="public" complexity="1" crap="1" count="13"/>
        <line num="176" type="stmt" count="13"/>
        <line num="181" type="method" name="eraseCredentials" visibility="public" complexity="1" crap="1" count="13"/>
        <line num="185" type="stmt" count="13"/>
        <line num="187" type="method" name="getEntreprise" visibility="public" complexity="2" crap="2" count="11"/>
        <line num="189" type="stmt" count="11"/>
        <line num="192" type="method" name="setEntreprise" visibility="public" complexity="2" crap="2" count="11"/>
        <line num="194" type="stmt" count="11"/>
        <line num="196" type="stmt" count="11"/>
        <line num="199" type="method" name="getNom" visibility="public" complexity="2" crap="2" count="11"/>
        <line num="201" type="stmt" count="11"/>
        <line num="204" type="method" name="setNom" visibility="public" complexity="1" crap="1" count="11"/>
        <line num="206" type="stmt" count="11"/>
        <line num="208" type="stmt" count="11"/>
        <line num="211" type="method" name="getEmail" visibility="public" complexity="2" crap="2" count="11"/>
        <line num="213" type="stmt" count="11"/>
        <line num="216" type="method" name="setEmail" visibility="public" complexity="1" crap="1" count="11"/>
        <line num="218" type="stmt" count="11"/>
        <line num="220" type="stmt" count="11"/>
        <line num="223" type="method" name="getTelephone" visibility="public" complexity="2" crap="2" count="11"/>
        <line num="225" type="stmt" count="11"/>
        <line num="228" type="method" name="setTelephone" visibility="public" complexity="1" crap="1" count="10"/>
        <line num="230" type="stmt" count="10"/>
        <line num="232" type="stmt" count="10"/>
        <line num="235" type="method" name="getNci" visibility="public" complexity="2" crap="2" count="11"/>
        <line num="237" type="stmt" count="11"/>
        <line num="240" type="method" name="setNci" visibility="public" complexity="1" crap="1" count="11"/>
        <line num="242" type="stmt" count="11"/>
        <line num="244" type="stmt" count="11"/>
        <line num="250" type="method" name="getEnvois" visibility="public" complexity="1" crap="2" count="0"/>
        <line num="252" type="stmt" count="0"/>
        <line num="255" type="method" name="addEnvois" visibility="public" complexity="2" crap="6" count="0"/>
        <line num="257" type="stmt" count="0"/>
        <line num="258" type="stmt" count="0"/>
        <line num="259" type="stmt" count="0"/>
        <line num="262" type="stmt" count="0"/>
        <line num="265" type="method" name="removeEnvois" visibility="public" complexity="3" crap="12" count="0"/>
        <line num="267" type="stmt" count="0"/>
        <line num="268" type="stmt" count="0"/>
        <line num="270" type="stmt" count="0"/>
        <line num="271" type="stmt" count="0"/>
        <line num="275" type="stmt" count="0"/>
        <line num="281" type="method" name="getRetraits" visibility="public" complexity="1" crap="2" count="0"/>
        <line num="283" type="stmt" count="0"/>
        <line num="286" type="method" name="addRetrait" visibility="public" complexity="2" crap="6" count="0"/>
        <line num="288" type="stmt" count="0"/>
        <line num="289" type="stmt" count="0"/>
        <line num="290" type="stmt" count="0"/>
        <line num="293" type="stmt" count="0"/>
        <line num="296" type="method" name="removeRetrait" visibility="public" complexity="3" crap="12" count="0"/>
        <line num="298" type="stmt" count="0"/>
        <line num="299" type="stmt" count="0"/>
        <line num="301" type="stmt" count="0"/>
        <line num="302" type="stmt" count="0"/>
        <line num="306" type="stmt" count="0"/>
        <line num="309" type="method" name="getStatus" visibility="public" complexity="2" crap="6" count="0"/>
        <line num="311" type="stmt" count="0"/>
        <line num="314" type="method" name="setStatus" visibility="public" complexity="1" crap="1" count="5"/>
        <line num="316" type="stmt" count="5"/>
        <line num="318" type="stmt" count="5"/>
        <line num="321" type="method" name="getProfil" visibility="public" complexity="2" crap="2" count="11"/>
        <line num="323" type="stmt" count="11"/>
        <line num="326" type="method" name="setProfil" visibility="public" complexity="2" crap="2" count="11"/>
        <line num="328" type="stmt" count="11"/>
        <line num="330" type="stmt" count="11"/>
        <line num="336" type="method" name="getDepots" visibility="public" complexity="1" crap="2" count="0"/>
        <line num="338" type="stmt" count="0"/>
        <line num="341" type="method" name="addDepot" visibility="public" complexity="2" crap="6" count="0"/>
        <line num="343" type="stmt" count="0"/>
        <line num="344" type="stmt" count="0"/>
        <line num="345" type="stmt" count="0"/>
        <line num="348" type="stmt" count="0"/>
        <line num="351" type="method" name="removeDepot" visibility="public" complexity="3" crap="12" count="0"/>
        <line num="353" type="stmt" count="0"/>
        <line num="354" type="stmt" count="0"/>
        <line num="356" type="stmt" count="0"/>
        <line num="357" type="stmt" count="0"/>
        <line num="361" type="stmt" count="0"/>
        <metrics loc="363" ncloc="266" classes="1" methods="35" coveredmethods="24" conditionals="0" coveredconditionals="0" statements="72" coveredstatements="40" elements="107" coveredelements="64"/>
      </file>
    </package>
    <package name="App\EventSubscriber">
      <file name="/home/jean/Projet-wari/src/EventSubscriber/ExceptionSubscriber.php">
        <class name="App\EventSubscriber\ExceptionSubscriber" namespace="App\EventSubscriber">
          <metrics complexity="2" methods="2" coveredmethods="0" conditionals="0" coveredconditionals="0" statements="2" coveredstatements="0" elements="4" coveredelements="0"/>
        </class>
        <line num="10" type="method" name="onKernelException" visibility="public" complexity="1" crap="2" count="0"/>
        <line num="13" type="stmt" count="0"/>
        <line num="15" type="method" name="getSubscribedEvents" visibility="public" complexity="1" crap="2" count="0"/>
        <line num="18" type="stmt" count="0"/>
        <metrics loc="21" ncloc="19" classes="1" methods="2" coveredmethods="0" conditionals="0" coveredconditionals="0" statements="2" coveredstatements="0" elements="4" coveredelements="0"/>
      </file>
    </package>
    <package name="App\Form">
      <file name="/home/jean/Projet-wari/src/Form/DepotType.php">
        <class name="App\Form\DepotType" namespace="App\Form">
          <metrics complexity="2" methods="2" coveredmethods="2" conditionals="0" coveredconditionals="0" statements="6" coveredstatements="6" elements="8" coveredelements="8"/>
        </class>
        <line num="14" type="method" name="buildForm" visibility="public" complexity="1" crap="1" count="1"/>
        <line num="17" type="stmt" count="1"/>
        <line num="18" type="stmt" count="1"/>
        <line num="20" type="stmt" count="1"/>
        <line num="22" type="method" name="configureOptions" visibility="public" complexity="1" crap="1" count="1"/>
        <line num="24" type="stmt" count="1"/>
        <line num="25" type="stmt" count="1"/>
        <line num="28" type="stmt" count="1"/>
        <metrics loc="29" ncloc="29" classes="1" methods="2" coveredmethods="2" conditionals="0" coveredconditionals="0" statements="6" coveredstatements="6" elements="8" coveredelements="8"/>
      </file>
      <file name="/home/jean/Projet-wari/src/Form/UtilisateurType.php">
        <class name="App\Form\UtilisateurType" namespace="App\Form">
          <metrics complexity="2" methods="2" coveredmethods="2" conditionals="0" coveredconditionals="0" statements="13" coveredstatements="13" elements="15" coveredelements="15"/>
        </class>
        <line num="15" type="method" name="buildForm" visibility="public" complexity="1" crap="1" count="11"/>
        <line num="18" type="stmt" count="11"/>
        <line num="19" type="stmt" count="11"/>
        <line num="20" type="stmt" count="11"/>
        <line num="21" type="stmt" count="11"/>
        <line num="22" type="stmt" count="11"/>
        <line num="23" type="stmt" count="11"/>
        <line num="24" type="stmt" count="11"/>
        <line num="25" type="stmt" count="11"/>
        <line num="26" type="stmt" count="11"/>
        <line num="28" type="stmt" count="11"/>
        <line num="30" type="method" name="configureOptions" visibility="public" complexity="1" crap="1" count="11"/>
        <line num="32" type="stmt" count="11"/>
        <line num="33" type="stmt" count="11"/>
        <line num="36" type="stmt" count="11"/>
        <metrics loc="37" ncloc="37" classes="1" methods="2" coveredmethods="2" conditionals="0" coveredconditionals="0" statements="13" coveredstatements="13" elements="15" coveredelements="15"/>
      </file>
    </package>
    <package name="App">
      <file name="/home/jean/Projet-wari/src/Kernel.php">
        <class name="App\Kernel" namespace="App">
          <metrics complexity="6" methods="4" coveredmethods="2" conditionals="0" coveredconditionals="0" statements="19" coveredstatements="6" elements="23" coveredelements="8"/>
        </class>
        <line num="18" type="method" name="registerBundles" visibility="public" complexity="3" crap="3" count="13"/>
        <line num="20" type="stmt" count="13"/>
        <line num="21" type="stmt" count="13"/>
        <line num="22" type="stmt" count="13"/>
        <line num="23" type="stmt" count="13"/>
        <line num="26" type="stmt" count="13"/>
        <line num="28" type="method" name="getProjectDir" visibility="public" complexity="1" crap="1" count="13"/>
        <line num="30" type="stmt" count="13"/>
        <line num="33" type="method" name="configureContainer" visibility="protected" complexity="1" crap="2" count="0"/>
        <line num="35" type="stmt" count="0"/>
        <line num="36" type="stmt" count="0"/>
        <line num="37" type="stmt" count="0"/>
        <line num="39" type="stmt" count="0"/>
        <line num="40" type="stmt" count="0"/>
        <line num="41" type="stmt" count="0"/>
        <line num="42" type="stmt" count="0"/>
        <line num="43" type="stmt" count="0"/>
        <line num="45" type="method" name="configureRoutes" visibility="protected" complexity="1" crap="2" count="0"/>
        <line num="47" type="stmt" count="0"/>
        <line num="49" type="stmt" count="0"/>
        <line num="50" type="stmt" count="0"/>
        <line num="51" type="stmt" count="0"/>
        <line num="52" type="stmt" count="0"/>
        <metrics loc="53" ncloc="53" classes="1" methods="4" coveredmethods="2" conditionals="0" coveredconditionals="0" statements="19" coveredstatements="6" elements="23" coveredelements="8"/>
      </file>
    </package>
    <package name="DoctrineMigrations">
      <file name="/home/jean/Projet-wari/src/Migrations/Version20190726102446.php">
        <class name="DoctrineMigrations\Version20190726102446" namespace="DoctrineMigrations">
          <metrics complexity="3" methods="3" coveredmethods="0" conditionals="0" coveredconditionals="0" statements="27" coveredstatements="0" elements="30" coveredelements="0"/>
        </class>
        <line num="15" type="method" name="getDescription" visibility="public" complexity="1" crap="2" count="0"/>
        <line num="17" type="stmt" count="0"/>
        <line num="20" type="method" name="up" visibility="public" complexity="1" crap="2" count="0"/>
        <line num="23" type="stmt" count="0"/>
        <line num="25" type="stmt" count="0"/>
        <line num="26" type="stmt" count="0"/>
        <line num="27" type="stmt" count="0"/>
        <line num="28" type="stmt" count="0"/>
        <line num="29" type="stmt" count="0"/>
        <line num="30" type="stmt" count="0"/>
        <line num="31" type="stmt" count="0"/>
        <line num="32" type="stmt" count="0"/>
        <line num="33" type="stmt" count="0"/>
        <line num="34" type="stmt" count="0"/>
        <line num="35" type="stmt" count="0"/>
        <line num="36" type="stmt" count="0"/>
        <line num="38" type="method" name="down" visibility="public" complexity="1" crap="2" count="0"/>
        <line num="41" type="stmt" count="0"/>
        <line num="43" type="stmt" count="0"/>
        <line num="44" type="stmt" count="0"/>
        <line num="45" type="stmt" count="0"/>
        <line num="46" type="stmt" count="0"/>
        <line num="47" type="stmt" count="0"/>
        <line num="48" type="stmt" count="0"/>
        <line num="49" type="stmt" count="0"/>
        <line num="50" type="stmt" count="0"/>
        <line num="51" type="stmt" count="0"/>
        <line num="52" type="stmt" count="0"/>
        <line num="53" type="stmt" count="0"/>
        <line num="54" type="stmt" count="0"/>
        <metrics loc="55" ncloc="48" classes="1" methods="3" coveredmethods="0" conditionals="0" coveredconditionals="0" statements="27" coveredstatements="0" elements="30" coveredelements="0"/>
      </file>
    </package>
    <package name="App\Repository">
      <file name="/home/jean/Projet-wari/src/Repository/DepotRepository.php">
        <class name="App\Repository\DepotRepository" namespace="App\Repository">
          <metrics complexity="1" methods="1" coveredmethods="0" conditionals="0" coveredconditionals="0" statements="2" coveredstatements="0" elements="3" coveredelements="0"/>
        </class>
        <line num="17" type="method" name="__construct" visibility="public" complexity="1" crap="2" count="0"/>
        <line num="19" type="stmt" count="0"/>
        <line num="20" type="stmt" count="0"/>
        <metrics loc="50" ncloc="14" classes="1" methods="1" coveredmethods="0" conditionals="0" coveredconditionals="0" statements="2" coveredstatements="0" elements="3" coveredelements="0"/>
      </file>
      <file name="/home/jean/Projet-wari/src/Repository/EntrepriseRepository.php">
        <class name="App\Repository\EntrepriseRepository" namespace="App\Repository">
          <metrics complexity="2" methods="2" coveredmethods="1" conditionals="0" coveredconditionals="0" statements="7" coveredstatements="2" elements="9" coveredelements="3"/>
        </class>
        <line num="18" type="method" name="__construct" visibility="public" complexity="1" crap="1" count="13"/>
        <line num="20" type="stmt" count="13"/>
        <line num="21" type="stmt" count="13"/>
        <line num="51" type="method" name="findAllEntreprises" visibility="public" complexity="1" crap="2" count="0"/>
        <line num="53" type="stmt" count="0"/>
        <line num="54" type="stmt" count="0"/>
        <line num="55" type="stmt" count="0"/>
        <line num="56" type="stmt" count="0"/>
        <line num="57" type="stmt" count="0"/>
        <metrics loc="59" ncloc="23" classes="1" methods="2" coveredmethods="1" conditionals="0" coveredconditionals="0" statements="7" coveredstatements="2" elements="9" coveredelements="3"/>
      </file>
      <file name="/home/jean/Projet-wari/src/Repository/ProfilRepository.php">
        <class name="App\Repository\ProfilRepository" namespace="App\Repository">
          <metrics complexity="1" methods="1" coveredmethods="1" conditionals="0" coveredconditionals="0" statements="2" coveredstatements="2" elements="3" coveredelements="3"/>
        </class>
        <line num="17" type="method" name="__construct" visibility="public" complexity="1" crap="1" count="11"/>
        <line num="19" type="stmt" count="11"/>
        <line num="20" type="stmt" count="11"/>
        <metrics loc="50" ncloc="14" classes="1" methods="1" coveredmethods="1" conditionals="0" coveredconditionals="0" statements="2" coveredstatements="2" elements="3" coveredelements="3"/>
      </file>
      <file name="/home/jean/Projet-wari/src/Repository/TransactionRepository.php">
        <class name="App\Repository\TransactionRepository" namespace="App\Repository">
          <metrics complexity="1" methods="1" coveredmethods="0" conditionals="0" coveredconditionals="0" statements="2" coveredstatements="0" elements="3" coveredelements="0"/>
        </class>
        <line num="17" type="method" name="__construct" visibility="public" complexity="1" crap="2" count="0"/>
        <line num="19" type="stmt" count="0"/>
        <line num="20" type="stmt" count="0"/>
        <metrics loc="50" ncloc="14" classes="1" methods="1" coveredmethods="0" conditionals="0" coveredconditionals="0" statements="2" coveredstatements="0" elements="3" coveredelements="0"/>
      </file>
      <file name="/home/jean/Projet-wari/src/Repository/UtilisateurRepository.php">
        <class name="App\Repository\UtilisateurRepository" namespace="App\Repository">
          <metrics complexity="1" methods="1" coveredmethods="1" conditionals="0" coveredconditionals="0" statements="2" coveredstatements="2" elements="3" coveredelements="3"/>
        </class>
        <line num="17" type="method" name="__construct" visibility="public" complexity="1" crap="1" count="13"/>
        <line num="19" type="stmt" count="13"/>
        <line num="20" type="stmt" count="13"/>
        <metrics loc="60" ncloc="13" classes="1" methods="1" coveredmethods="1" conditionals="0" coveredconditionals="0" statements="2" coveredstatements="2" elements="3" coveredelements="3"/>
      </file>
    </package>
    <metrics files="20" loc="2014" ncloc="1490" classes="20" methods="137" coveredmethods="49" conditionals="0" coveredconditionals="0" statements="496" coveredstatements="138" elements="633" coveredelements="187"/>
  </project>
</coverage>
