<?xml version="1.0" encoding="UTF-8"?>
<testsuites>
  <testsuite name="Project Test Suite" tests="11" assertions="11" errors="0" failures="0" skipped="0" time="16.897544">
    <testsuite name="App\Tests\SecurityControllerTest" file="/home/abdoulaye/Bureau/Mes Projets Symfony/Projet wari/Wari/tests/SecurityControllerTest.php" tests="11" assertions="11" errors="0" failures="0" skipped="0" time="16.897544">
      <testcase name="testInscriptionUtilisateurok1" class="App\Tests\SecurityControllerTest" classname="App.Tests.SecurityControllerTest" file="/home/abdoulaye/Bureau/Mes Projets Symfony/Projet wari/Wari/tests/SecurityControllerTest.php" line="9" assertions="1" time="2.055740">
        <system-out>/home/abdoulaye/Bureau/Mes Projets Symfony/Projet wari/Wari/tests/SecurityControllerTest.php:30:
class Symfony\Component\HttpFoundation\Response#631 (6) {
  public $headers =&gt;
  class Symfony\Component\HttpFoundation\ResponseHeaderBag#616 (5) {
    protected $computedCacheControl =&gt;
    array(2) {
      'no-cache' =&gt;
      bool(true)
      'private' =&gt;
      bool(true)
    }
    protected $cookies =&gt;
    array(0) {
    }
    protected $headerNames =&gt;
    array(5) {
      'cache-control' =&gt;
      string(13) "Cache-Control"
      'date' =&gt;
      string(4) "Date"
      'content-type' =&gt;
      string(12) "Content-Type"
      'link' =&gt;
      string(4) "Link"
      'x-robots-tag' =&gt;
      string(12) "X-Robots-Tag"
    }
    protected $headers =&gt;
    array(5) {
      'cache-control' =&gt;
      array(1) {
        ...
      }
      'date' =&gt;
      array(1) {
        ...
      }
      'content-type' =&gt;
      array(1) {
        ...
      }
      'link' =&gt;
      array(1) {
        ...
      }
      'x-robots-tag' =&gt;
      array(1) {
        ...
      }
    }
    protected $cacheControl =&gt;
    array(0) {
    }
  }
  protected $content =&gt;
  string(15) "{"status":"ok"}"
  protected $version =&gt;
  string(3) "1.1"
  protected $statusCode =&gt;
  int(201)
  protected $statusText =&gt;
  string(7) "Created"
  protected $charset =&gt;
  string(5) "UTF-8"
}
</system-out>
      </testcase>
      <testcase name="testInscriptionUtilisateurok2" class="App\Tests\SecurityControllerTest" classname="App.Tests.SecurityControllerTest" file="/home/abdoulaye/Bureau/Mes Projets Symfony/Projet wari/Wari/tests/SecurityControllerTest.php" line="34" assertions="1" time="1.553508">
        <system-out>/home/abdoulaye/Bureau/Mes Projets Symfony/Projet wari/Wari/tests/SecurityControllerTest.php:54:
class Symfony\Component\HttpFoundation\Response#2598 (6) {
  public $headers =&gt;
  class Symfony\Component\HttpFoundation\ResponseHeaderBag#2597 (5) {
    protected $computedCacheControl =&gt;
    array(2) {
      'no-cache' =&gt;
      bool(true)
      'private' =&gt;
      bool(true)
    }
    protected $cookies =&gt;
    array(0) {
    }
    protected $headerNames =&gt;
    array(5) {
      'cache-control' =&gt;
      string(13) "Cache-Control"
      'date' =&gt;
      string(4) "Date"
      'content-type' =&gt;
      string(12) "Content-Type"
      'link' =&gt;
      string(4) "Link"
      'x-robots-tag' =&gt;
      string(12) "X-Robots-Tag"
    }
    protected $headers =&gt;
    array(5) {
      'cache-control' =&gt;
      array(1) {
        ...
      }
      'date' =&gt;
      array(1) {
        ...
      }
      'content-type' =&gt;
      array(1) {
        ...
      }
      'link' =&gt;
      array(1) {
        ...
      }
      'x-robots-tag' =&gt;
      array(1) {
        ...
      }
    }
    protected $cacheControl =&gt;
    array(0) {
    }
  }
  protected $content =&gt;
  string(15) "{"status":"ok"}"
  protected $version =&gt;
  string(3) "1.1"
  protected $statusCode =&gt;
  int(201)
  protected $statusText =&gt;
  string(7) "Created"
  protected $charset =&gt;
  string(5) "UTF-8"
}
</system-out>
      </testcase>
      <testcase name="testInscriptionUtilisateurok3" class="App\Tests\SecurityControllerTest" classname="App.Tests.SecurityControllerTest" file="/home/abdoulaye/Bureau/Mes Projets Symfony/Projet wari/Wari/tests/SecurityControllerTest.php" line="57" assertions="1" time="1.619012">
        <system-out>/home/abdoulaye/Bureau/Mes Projets Symfony/Projet wari/Wari/tests/SecurityControllerTest.php:78:
class Symfony\Component\HttpFoundation\Response#4789 (6) {
  public $headers =&gt;
  class Symfony\Component\HttpFoundation\ResponseHeaderBag#4788 (5) {
    protected $computedCacheControl =&gt;
    array(2) {
      'no-cache' =&gt;
      bool(true)
      'private' =&gt;
      bool(true)
    }
    protected $cookies =&gt;
    array(0) {
    }
    protected $headerNames =&gt;
    array(5) {
      'cache-control' =&gt;
      string(13) "Cache-Control"
      'date' =&gt;
      string(4) "Date"
      'content-type' =&gt;
      string(12) "Content-Type"
      'link' =&gt;
      string(4) "Link"
      'x-robots-tag' =&gt;
      string(12) "X-Robots-Tag"
    }
    protected $headers =&gt;
    array(5) {
      'cache-control' =&gt;
      array(1) {
        ...
      }
      'date' =&gt;
      array(1) {
        ...
      }
      'content-type' =&gt;
      array(1) {
        ...
      }
      'link' =&gt;
      array(1) {
        ...
      }
      'x-robots-tag' =&gt;
      array(1) {
        ...
      }
    }
    protected $cacheControl =&gt;
    array(0) {
    }
  }
  protected $content =&gt;
  string(15) "{"status":"ok"}"
  protected $version =&gt;
  string(3) "1.1"
  protected $statusCode =&gt;
  int(201)
  protected $statusText =&gt;
  string(7) "Created"
  protected $charset =&gt;
  string(5) "UTF-8"
}
</system-out>
      </testcase>
      <testcase name="testInscriptionUtilisateurok4" class="App\Tests\SecurityControllerTest" classname="App.Tests.SecurityControllerTest" file="/home/abdoulaye/Bureau/Mes Projets Symfony/Projet wari/Wari/tests/SecurityControllerTest.php" line="81" assertions="1" time="1.550498">
        <system-out>/home/abdoulaye/Bureau/Mes Projets Symfony/Projet wari/Wari/tests/SecurityControllerTest.php:102:
class Symfony\Component\HttpFoundation\Response#4937 (6) {
  public $headers =&gt;
  class Symfony\Component\HttpFoundation\ResponseHeaderBag#4936 (5) {
    protected $computedCacheControl =&gt;
    array(2) {
      'no-cache' =&gt;
      bool(true)
      'private' =&gt;
      bool(true)
    }
    protected $cookies =&gt;
    array(0) {
    }
    protected $headerNames =&gt;
    array(5) {
      'cache-control' =&gt;
      string(13) "Cache-Control"
      'date' =&gt;
      string(4) "Date"
      'content-type' =&gt;
      string(12) "Content-Type"
      'link' =&gt;
      string(4) "Link"
      'x-robots-tag' =&gt;
      string(12) "X-Robots-Tag"
    }
    protected $headers =&gt;
    array(5) {
      'cache-control' =&gt;
      array(1) {
        ...
      }
      'date' =&gt;
      array(1) {
        ...
      }
      'content-type' =&gt;
      array(1) {
        ...
      }
      'link' =&gt;
      array(1) {
        ...
      }
      'x-robots-tag' =&gt;
      array(1) {
        ...
      }
    }
    protected $cacheControl =&gt;
    array(0) {
    }
  }
  protected $content =&gt;
  string(15) "{"status":"ok"}"
  protected $version =&gt;
  string(3) "1.1"
  protected $statusCode =&gt;
  int(201)
  protected $statusText =&gt;
  string(7) "Created"
  protected $charset =&gt;
  string(5) "UTF-8"
}
</system-out>
      </testcase>
      <testcase name="testInscriptionUtilisateurok5" class="App\Tests\SecurityControllerTest" classname="App.Tests.SecurityControllerTest" file="/home/abdoulaye/Bureau/Mes Projets Symfony/Projet wari/Wari/tests/SecurityControllerTest.php" line="105" assertions="1" time="1.801415">
        <system-out>/home/abdoulaye/Bureau/Mes Projets Symfony/Projet wari/Wari/tests/SecurityControllerTest.php:126:
class Symfony\Component\HttpFoundation\Response#3488 (6) {
  public $headers =&gt;
  class Symfony\Component\HttpFoundation\ResponseHeaderBag#3452 (5) {
    protected $computedCacheControl =&gt;
    array(2) {
      'no-cache' =&gt;
      bool(true)
      'private' =&gt;
      bool(true)
    }
    protected $cookies =&gt;
    array(0) {
    }
    protected $headerNames =&gt;
    array(5) {
      'cache-control' =&gt;
      string(13) "Cache-Control"
      'date' =&gt;
      string(4) "Date"
      'content-type' =&gt;
      string(12) "Content-Type"
      'link' =&gt;
      string(4) "Link"
      'x-robots-tag' =&gt;
      string(12) "X-Robots-Tag"
    }
    protected $headers =&gt;
    array(5) {
      'cache-control' =&gt;
      array(1) {
        ...
      }
      'date' =&gt;
      array(1) {
        ...
      }
      'content-type' =&gt;
      array(1) {
        ...
      }
      'link' =&gt;
      array(1) {
        ...
      }
      'x-robots-tag' =&gt;
      array(1) {
        ...
      }
    }
    protected $cacheControl =&gt;
    array(0) {
    }
  }
  protected $content =&gt;
  string(15) "{"status":"ok"}"
  protected $version =&gt;
  string(3) "1.1"
  protected $statusCode =&gt;
  int(201)
  protected $statusText =&gt;
  string(7) "Created"
  protected $charset =&gt;
  string(5) "UTF-8"
}
</system-out>
      </testcase>
      <testcase name="testInscriptionUtilisateurk01" class="App\Tests\SecurityControllerTest" classname="App.Tests.SecurityControllerTest" file="/home/abdoulaye/Bureau/Mes Projets Symfony/Projet wari/Wari/tests/SecurityControllerTest.php" line="129" assertions="1" time="1.445133">
        <system-out>/home/abdoulaye/Bureau/Mes Projets Symfony/Projet wari/Wari/tests/SecurityControllerTest.php:150:
class Symfony\Component\HttpFoundation\Response#886 (6) {
  public $headers =&gt;
  class Symfony\Component\HttpFoundation\ResponseHeaderBag#884 (5) {
    protected $computedCacheControl =&gt;
    array(2) {
      'no-cache' =&gt;
      bool(true)
      'private' =&gt;
      bool(true)
    }
    protected $cookies =&gt;
    array(0) {
    }
    protected $headerNames =&gt;
    array(5) {
      'cache-control' =&gt;
      string(13) "Cache-Control"
      'date' =&gt;
      string(4) "Date"
      'content-type' =&gt;
      string(12) "Content-Type"
      'link' =&gt;
      string(4) "Link"
      'x-robots-tag' =&gt;
      string(12) "X-Robots-Tag"
    }
    protected $headers =&gt;
    array(5) {
      'cache-control' =&gt;
      array(1) {
        ...
      }
      'date' =&gt;
      array(1) {
        ...
      }
      'content-type' =&gt;
      array(1) {
        ...
      }
      'link' =&gt;
      array(1) {
        ...
      }
      'x-robots-tag' =&gt;
      array(1) {
        ...
      }
    }
    protected $cacheControl =&gt;
    array(0) {
    }
  }
  protected $content =&gt;
  string(84) "{"impossible":"Votre profil ne vous permet pas de cr\u00e9er ce type d'utilisateur"}"
  protected $version =&gt;
  string(3) "1.1"
  protected $statusCode =&gt;
  int(409)
  protected $statusText =&gt;
  string(8) "Conflict"
  protected $charset =&gt;
  string(5) "UTF-8"
}
</system-out>
      </testcase>
      <testcase name="testInscriptionUtilisateurk02" class="App\Tests\SecurityControllerTest" classname="App.Tests.SecurityControllerTest" file="/home/abdoulaye/Bureau/Mes Projets Symfony/Projet wari/Wari/tests/SecurityControllerTest.php" line="153" assertions="1" time="1.169208">
        <system-out>/home/abdoulaye/Bureau/Mes Projets Symfony/Projet wari/Wari/tests/SecurityControllerTest.php:174:
class Symfony\Component\HttpFoundation\Response#4485 (6) {
  public $headers =&gt;
  class Symfony\Component\HttpFoundation\ResponseHeaderBag#4684 (5) {
    protected $computedCacheControl =&gt;
    array(2) {
      'no-cache' =&gt;
      bool(true)
      'private' =&gt;
      bool(true)
    }
    protected $cookies =&gt;
    array(0) {
    }
    protected $headerNames =&gt;
    array(5) {
      'cache-control' =&gt;
      string(13) "Cache-Control"
      'date' =&gt;
      string(4) "Date"
      'content-type' =&gt;
      string(12) "Content-Type"
      'link' =&gt;
      string(4) "Link"
      'x-robots-tag' =&gt;
      string(12) "X-Robots-Tag"
    }
    protected $headers =&gt;
    array(5) {
      'cache-control' =&gt;
      array(1) {
        ...
      }
      'date' =&gt;
      array(1) {
        ...
      }
      'content-type' =&gt;
      array(1) {
        ...
      }
      'link' =&gt;
      array(1) {
        ...
      }
      'x-robots-tag' =&gt;
      array(1) {
        ...
      }
    }
    protected $cacheControl =&gt;
    array(0) {
    }
  }
  protected $content =&gt;
  string(193) "{"form":{"children":{"username":{},"password":{},"confirmPassword":{},"Nom":{},"Email":{},"Telephone":{"errors":["This value is not valid."]},"Nci":{},"Entreprise":{},"Profil":{}}},"errors":[]}"
  protected $version =&gt;
  string(3) "1.1"
  protected $statusCode =&gt;
  int(200)
  protected $statusText =&gt;
  string(2) "OK"
  protected $charset =&gt;
  string(5) "UTF-8"
}
</system-out>
      </testcase>
      <testcase name="testInscriptionUtilisateurk03" class="App\Tests\SecurityControllerTest" classname="App.Tests.SecurityControllerTest" file="/home/abdoulaye/Bureau/Mes Projets Symfony/Projet wari/Wari/tests/SecurityControllerTest.php" line="177" assertions="1" time="1.496501">
        <system-out>/home/abdoulaye/Bureau/Mes Projets Symfony/Projet wari/Wari/tests/SecurityControllerTest.php:198:
class Symfony\Component\HttpFoundation\Response#5526 (6) {
  public $headers =&gt;
  class Symfony\Component\HttpFoundation\ResponseHeaderBag#5525 (5) {
    protected $computedCacheControl =&gt;
    array(2) {
      'no-cache' =&gt;
      bool(true)
      'private' =&gt;
      bool(true)
    }
    protected $cookies =&gt;
    array(0) {
    }
    protected $headerNames =&gt;
    array(5) {
      'cache-control' =&gt;
      string(13) "Cache-Control"
      'date' =&gt;
      string(4) "Date"
      'content-type' =&gt;
      string(12) "Content-Type"
      'link' =&gt;
      string(4) "Link"
      'x-robots-tag' =&gt;
      string(12) "X-Robots-Tag"
    }
    protected $headers =&gt;
    array(5) {
      'cache-control' =&gt;
      array(1) {
        ...
      }
      'date' =&gt;
      array(1) {
        ...
      }
      'content-type' =&gt;
      array(1) {
        ...
      }
      'link' =&gt;
      array(1) {
        ...
      }
      'x-robots-tag' =&gt;
      array(1) {
        ...
      }
    }
    protected $cacheControl =&gt;
    array(0) {
    }
  }
  protected $content =&gt;
  string(84) "{"impossible":"Votre profil ne vous permet pas de cr\u00e9er ce type d'utilisateur"}"
  protected $version =&gt;
  string(3) "1.1"
  protected $statusCode =&gt;
  int(409)
  protected $statusText =&gt;
  string(8) "Conflict"
  protected $charset =&gt;
  string(5) "UTF-8"
}
</system-out>
      </testcase>
      <testcase name="testInscriptionUtilisateurk04" class="App\Tests\SecurityControllerTest" classname="App.Tests.SecurityControllerTest" file="/home/abdoulaye/Bureau/Mes Projets Symfony/Projet wari/Wari/tests/SecurityControllerTest.php" line="201" assertions="1" time="1.412097">
        <system-out>/home/abdoulaye/Bureau/Mes Projets Symfony/Projet wari/Wari/tests/SecurityControllerTest.php:222:
class Symfony\Component\HttpFoundation\Response#4346 (6) {
  public $headers =&gt;
  class Symfony\Component\HttpFoundation\ResponseHeaderBag#4340 (5) {
    protected $computedCacheControl =&gt;
    array(2) {
      'no-cache' =&gt;
      bool(true)
      'private' =&gt;
      bool(true)
    }
    protected $cookies =&gt;
    array(0) {
    }
    protected $headerNames =&gt;
    array(5) {
      'cache-control' =&gt;
      string(13) "Cache-Control"
      'date' =&gt;
      string(4) "Date"
      'content-type' =&gt;
      string(12) "Content-Type"
      'link' =&gt;
      string(4) "Link"
      'x-robots-tag' =&gt;
      string(12) "X-Robots-Tag"
    }
    protected $headers =&gt;
    array(5) {
      'cache-control' =&gt;
      array(1) {
        ...
      }
      'date' =&gt;
      array(1) {
        ...
      }
      'content-type' =&gt;
      array(1) {
        ...
      }
      'link' =&gt;
      array(1) {
        ...
      }
      'x-robots-tag' =&gt;
      array(1) {
        ...
      }
    }
    protected $cacheControl =&gt;
    array(0) {
    }
  }
  protected $content =&gt;
  string(84) "{"impossible":"Votre profil ne vous permet pas de cr\u00e9er ce type d'utilisateur"}"
  protected $version =&gt;
  string(3) "1.1"
  protected $statusCode =&gt;
  int(409)
  protected $statusText =&gt;
  string(8) "Conflict"
  protected $charset =&gt;
  string(5) "UTF-8"
}
</system-out>
      </testcase>
      <testcase name="testInscriptionUtilisateurk05" class="App\Tests\SecurityControllerTest" classname="App.Tests.SecurityControllerTest" file="/home/abdoulaye/Bureau/Mes Projets Symfony/Projet wari/Wari/tests/SecurityControllerTest.php" line="225" assertions="1" time="1.390370">
        <system-out>/home/abdoulaye/Bureau/Mes Projets Symfony/Projet wari/Wari/tests/SecurityControllerTest.php:246:
class Symfony\Component\HttpFoundation\Response#2095 (6) {
  public $headers =&gt;
  class Symfony\Component\HttpFoundation\ResponseHeaderBag#3696 (5) {
    protected $computedCacheControl =&gt;
    array(2) {
      'no-cache' =&gt;
      bool(true)
      'private' =&gt;
      bool(true)
    }
    protected $cookies =&gt;
    array(0) {
    }
    protected $headerNames =&gt;
    array(5) {
      'cache-control' =&gt;
      string(13) "Cache-Control"
      'date' =&gt;
      string(4) "Date"
      'content-type' =&gt;
      string(12) "Content-Type"
      'link' =&gt;
      string(4) "Link"
      'x-robots-tag' =&gt;
      string(12) "X-Robots-Tag"
    }
    protected $headers =&gt;
    array(5) {
      'cache-control' =&gt;
      array(1) {
        ...
      }
      'date' =&gt;
      array(1) {
        ...
      }
      'content-type' =&gt;
      array(1) {
        ...
      }
      'link' =&gt;
      array(1) {
        ...
      }
      'x-robots-tag' =&gt;
      array(1) {
        ...
      }
    }
    protected $cacheControl =&gt;
    array(0) {
    }
  }
  protected $content =&gt;
  string(84) "{"impossible":"Votre profil ne vous permet pas de cr\u00e9er ce type d'utilisateur"}"
  protected $version =&gt;
  string(3) "1.1"
  protected $statusCode =&gt;
  int(409)
  protected $statusText =&gt;
  string(8) "Conflict"
  protected $charset =&gt;
  string(5) "UTF-8"
}
</system-out>
      </testcase>
      <testcase name="testInscriptionUtilisateurk06" class="App\Tests\SecurityControllerTest" classname="App.Tests.SecurityControllerTest" file="/home/abdoulaye/Bureau/Mes Projets Symfony/Projet wari/Wari/tests/SecurityControllerTest.php" line="249" assertions="1" time="1.404062">
        <system-out>/home/abdoulaye/Bureau/Mes Projets Symfony/Projet wari/Wari/tests/SecurityControllerTest.php:270:
class Symfony\Component\HttpFoundation\Response#3975 (6) {
  public $headers =&gt;
  class Symfony\Component\HttpFoundation\ResponseHeaderBag#4029 (5) {
    protected $computedCacheControl =&gt;
    array(2) {
      'no-cache' =&gt;
      bool(true)
      'private' =&gt;
      bool(true)
    }
    protected $cookies =&gt;
    array(0) {
    }
    protected $headerNames =&gt;
    array(5) {
      'cache-control' =&gt;
      string(13) "Cache-Control"
      'date' =&gt;
      string(4) "Date"
      'content-type' =&gt;
      string(12) "Content-Type"
      'link' =&gt;
      string(4) "Link"
      'x-robots-tag' =&gt;
      string(12) "X-Robots-Tag"
    }
    protected $headers =&gt;
    array(5) {
      'cache-control' =&gt;
      array(1) {
        ...
      }
      'date' =&gt;
      array(1) {
        ...
      }
      'content-type' =&gt;
      array(1) {
        ...
      }
      'link' =&gt;
      array(1) {
        ...
      }
      'x-robots-tag' =&gt;
      array(1) {
        ...
      }
    }
    protected $cacheControl =&gt;
    array(0) {
    }
  }
  protected $content =&gt;
  string(84) "{"impossible":"Votre profil ne vous permet pas de cr\u00e9er ce type d'utilisateur"}"
  protected $version =&gt;
  string(3) "1.1"
  protected $statusCode =&gt;
  int(409)
  protected $statusText =&gt;
  string(8) "Conflict"
  protected $charset =&gt;
  string(5) "UTF-8"
}
</system-out>
      </testcase>
    </testsuite>
  </testsuite>
</testsuites>
