<?xml version="1.0" encoding="UTF-8"?>
<testsuites>
  <testsuite name="Project Test Suite" tests="4" assertions="4" errors="0" failures="1" skipped="0" time="6.460064">
    <testsuite name="App\Tests\SecurityControllerTest" file="/home/abdoulaye/Bureau/Mes Projets Symfony/Projet wari/Wari/tests/SecurityControllerTest.php" tests="4" assertions="4" errors="0" failures="1" skipped="0" time="6.460064">
      <testcase name="testInscriptionUtilisateurok" class="App\Tests\SecurityControllerTest" classname="App.Tests.SecurityControllerTest" file="/home/abdoulaye/Bureau/Mes Projets Symfony/Projet wari/Wari/tests/SecurityControllerTest.php" line="10" assertions="1" time="1.930789">
        <failure type="PHPUnit\Framework\ExpectationFailedException">App\Tests\SecurityControllerTest::testInscriptionUtilisateurok
Failed asserting that 500 is identical to 201.

/home/abdoulaye/Bureau/Mes Projets Symfony/Projet wari/Wari/tests/SecurityControllerTest.php:32
</failure>
        <system-out>/home/abdoulaye/Bureau/Mes Projets Symfony/Projet wari/Wari/tests/SecurityControllerTest.php:31:
class Symfony\Component\HttpFoundation\Response#1178 (6) {
  public $headers =&gt;
  class Symfony\Component\HttpFoundation\ResponseHeaderBag#1117 (5) {
    protected $computedCacheControl =&gt;
    array(2) {
      'no-cache' =&gt;
      bool(true)
      'private' =&gt;
      bool(true)
    }
    protected $cookies =&gt;
    array(0) {
    }
    protected $headerNames =&gt;
    array(5) {
      'content-type' =&gt;
      string(12) "Content-Type"
      'cache-control' =&gt;
      string(13) "Cache-Control"
      'date' =&gt;
      string(4) "Date"
      'x-robots-tag' =&gt;
      string(12) "X-Robots-Tag"
      'link' =&gt;
      string(4) "Link"
    }
    protected $headers =&gt;
    array(5) {
      'content-type' =&gt;
      array(1) {
        ...
      }
      'cache-control' =&gt;
      array(1) {
        ...
      }
      'date' =&gt;
      array(1) {
        ...
      }
      'x-robots-tag' =&gt;
      array(1) {
        ...
      }
      'link' =&gt;
      array(1) {
        ...
      }
    }
    protected $cacheControl =&gt;
    array(0) {
    }
  }
  protected $content =&gt;
  string(39930) "{"error":{"code":500,"message":"Internal Server Error","exception":[{"message":"An exception occurred while executing 'INSERT INTO utilisateur (username, roles, password, nom, email, telephone, nci, status, entreprise_id, profil_id) VALUES (?, ?, ?, ?, ?, ?, ?, ?, ?, ?)' with params [\"awaciss2\", \"[\\\"ROLE_Caissier\\\"]\", \"$argon2id$v=19$m=65536,t=6,p=1$sHu7Oy3W6+zGDA3Lje7qfg$EooktH0qmEQuhCBM4b6wCbruekbk5tfGdeJch4VTPrs\", \"Awa ciss\", \"evawa2@gmail.com\", 7785446467, \"1751 1500 07854622\", \"Actif\""...
  protected $version =&gt;
  string(3) "1.1"
  protected $statusCode =&gt;
  int(500)
  protected $statusText =&gt;
  string(21) "Internal Server Error"
  protected $charset =&gt;
  string(5) "UTF-8"
}
</system-out>
      </testcase>
      <testcase name="testInscriptionUtilisateurk01" class="App\Tests\SecurityControllerTest" classname="App.Tests.SecurityControllerTest" file="/home/abdoulaye/Bureau/Mes Projets Symfony/Projet wari/Wari/tests/SecurityControllerTest.php" line="34" assertions="1" time="1.859178">
        <system-out>/home/abdoulaye/Bureau/Mes Projets Symfony/Projet wari/Wari/tests/SecurityControllerTest.php:55:
class Symfony\Component\HttpFoundation\Response#1857 (6) {
  public $headers =&gt;
  class Symfony\Component\HttpFoundation\ResponseHeaderBag#1842 (5) {
    protected $computedCacheControl =&gt;
    array(2) {
      'no-cache' =&gt;
      bool(true)
      'private' =&gt;
      bool(true)
    }
    protected $cookies =&gt;
    array(0) {
    }
    protected $headerNames =&gt;
    array(5) {
      'cache-control' =&gt;
      string(13) "Cache-Control"
      'date' =&gt;
      string(4) "Date"
      'content-type' =&gt;
      string(12) "Content-Type"
      'link' =&gt;
      string(4) "Link"
      'x-robots-tag' =&gt;
      string(12) "X-Robots-Tag"
    }
    protected $headers =&gt;
    array(5) {
      'cache-control' =&gt;
      array(1) {
        ...
      }
      'date' =&gt;
      array(1) {
        ...
      }
      'content-type' =&gt;
      array(1) {
        ...
      }
      'link' =&gt;
      array(1) {
        ...
      }
      'x-robots-tag' =&gt;
      array(1) {
        ...
      }
    }
    protected $cacheControl =&gt;
    array(0) {
    }
  }
  protected $content =&gt;
  string(84) "{"Impossible":"Votre profil ne vous permet pas de cr\u00e9er ce type d'utilisateur"}"
  protected $version =&gt;
  string(3) "1.1"
  protected $statusCode =&gt;
  int(409)
  protected $statusText =&gt;
  string(8) "Conflict"
  protected $charset =&gt;
  string(5) "UTF-8"
}
</system-out>
      </testcase>
      <testcase name="testInscriptionUtilisateurk02" class="App\Tests\SecurityControllerTest" classname="App.Tests.SecurityControllerTest" file="/home/abdoulaye/Bureau/Mes Projets Symfony/Projet wari/Wari/tests/SecurityControllerTest.php" line="58" assertions="1" time="1.566113">
        <system-out>/home/abdoulaye/Bureau/Mes Projets Symfony/Projet wari/Wari/tests/SecurityControllerTest.php:79:
class Symfony\Component\HttpFoundation\Response#2248 (6) {
  public $headers =&gt;
  class Symfony\Component\HttpFoundation\ResponseHeaderBag#2247 (5) {
    protected $computedCacheControl =&gt;
    array(2) {
      'no-cache' =&gt;
      bool(true)
      'private' =&gt;
      bool(true)
    }
    protected $cookies =&gt;
    array(0) {
    }
    protected $headerNames =&gt;
    array(5) {
      'cache-control' =&gt;
      string(13) "Cache-Control"
      'date' =&gt;
      string(4) "Date"
      'content-type' =&gt;
      string(12) "Content-Type"
      'link' =&gt;
      string(4) "Link"
      'x-robots-tag' =&gt;
      string(12) "X-Robots-Tag"
    }
    protected $headers =&gt;
    array(5) {
      'cache-control' =&gt;
      array(1) {
        ...
      }
      'date' =&gt;
      array(1) {
        ...
      }
      'content-type' =&gt;
      array(1) {
        ...
      }
      'link' =&gt;
      array(1) {
        ...
      }
      'x-robots-tag' =&gt;
      array(1) {
        ...
      }
    }
    protected $cacheControl =&gt;
    array(0) {
    }
  }
  protected $content =&gt;
  string(84) "{"Impossible":"Votre profil ne vous permet pas de cr\u00e9er ce type d'utilisateur"}"
  protected $version =&gt;
  string(3) "1.1"
  protected $statusCode =&gt;
  int(409)
  protected $statusText =&gt;
  string(8) "Conflict"
  protected $charset =&gt;
  string(5) "UTF-8"
}
</system-out>
      </testcase>
      <testcase name="testInscriptionUtilisateurk03" class="App\Tests\SecurityControllerTest" classname="App.Tests.SecurityControllerTest" file="/home/abdoulaye/Bureau/Mes Projets Symfony/Projet wari/Wari/tests/SecurityControllerTest.php" line="82" assertions="1" time="1.103984">
        <system-out>/home/abdoulaye/Bureau/Mes Projets Symfony/Projet wari/Wari/tests/SecurityControllerTest.php:103:
class Symfony\Component\HttpFoundation\Response#3931 (6) {
  public $headers =&gt;
  class Symfony\Component\HttpFoundation\ResponseHeaderBag#3930 (5) {
    protected $computedCacheControl =&gt;
    array(2) {
      'no-cache' =&gt;
      bool(true)
      'private' =&gt;
      bool(true)
    }
    protected $cookies =&gt;
    array(0) {
    }
    protected $headerNames =&gt;
    array(5) {
      'cache-control' =&gt;
      string(13) "Cache-Control"
      'date' =&gt;
      string(4) "Date"
      'content-type' =&gt;
      string(12) "Content-Type"
      'link' =&gt;
      string(4) "Link"
      'x-robots-tag' =&gt;
      string(12) "X-Robots-Tag"
    }
    protected $headers =&gt;
    array(5) {
      'cache-control' =&gt;
      array(1) {
        ...
      }
      'date' =&gt;
      array(1) {
        ...
      }
      'content-type' =&gt;
      array(1) {
        ...
      }
      'link' =&gt;
      array(1) {
        ...
      }
      'x-robots-tag' =&gt;
      array(1) {
        ...
      }
    }
    protected $cacheControl =&gt;
    array(0) {
    }
  }
  protected $content =&gt;
  string(84) "{"Impossible":"Votre profil ne vous permet pas de cr\u00e9er ce type d'utilisateur"}"
  protected $version =&gt;
  string(3) "1.1"
  protected $statusCode =&gt;
  int(409)
  protected $statusText =&gt;
  string(8) "Conflict"
  protected $charset =&gt;
  string(5) "UTF-8"
}
</system-out>
      </testcase>
    </testsuite>
  </testsuite>
</testsuites>
